[0.072s] DEBUG:colcon:Command line arguments: ['/usr/bin/colcon', 'build']
[0.072s] DEBUG:colcon:Parsed command line arguments: Namespace(log_base=None, log_level=None, verb_name='build', build_base='build', install_base='install', merge_install=False, symlink_install=False, test_result_base=None, continue_on_error=False, executor='parallel', parallel_workers=16, event_handlers=None, ignore_user_meta=False, metas=['./colcon.meta'], base_paths=['.'], packages_ignore=None, packages_ignore_regex=None, paths=None, packages_up_to=None, packages_up_to_regex=None, packages_above=None, packages_above_and_dependencies=None, packages_above_depth=None, packages_select_by_dep=None, packages_skip_by_dep=None, packages_skip_up_to=None, packages_select_build_failed=False, packages_skip_build_finished=False, packages_select_test_failures=False, packages_skip_test_passed=False, packages_select=None, packages_skip=None, packages_select_regex=None, packages_skip_regex=None, packages_start=None, packages_end=None, allow_overriding=[], cmake_args=None, cmake_target=None, cmake_target_skip_unavailable=False, cmake_clean_cache=False, cmake_clean_first=False, cmake_force_configure=False, ament_cmake_args=None, catkin_cmake_args=None, catkin_skip_building_tests=False, mixin_files=None, mixin=None, verb_parser=<colcon_mixin.mixin.mixin_argument.MixinArgumentDecorator object at 0x771581c8c2b0>, verb_extension=<colcon_core.verb.build.BuildVerb object at 0x771581c6b610>, main=<bound method BuildVerb.main of <colcon_core.verb.build.BuildVerb object at 0x771581c6b610>>, mixin_verb=('build',))
[0.179s] Level 1:colcon.colcon_core.package_discovery:discover_packages(colcon_meta) check parameters
[0.179s] Level 1:colcon.colcon_core.package_discovery:discover_packages(recursive) check parameters
[0.179s] Level 1:colcon.colcon_core.package_discovery:discover_packages(ignore) check parameters
[0.179s] Level 1:colcon.colcon_core.package_discovery:discover_packages(path) check parameters
[0.179s] Level 1:colcon.colcon_core.package_discovery:discover_packages(colcon_meta) discover
[0.179s] Level 1:colcon.colcon_core.package_discovery:discover_packages(recursive) discover
[0.179s] INFO:colcon.colcon_core.package_discovery:Crawling recursively for packages in '/home/master26/assignment_1_group_3'
[0.179s] Level 1:colcon.colcon_core.package_identification:_identify(.) by extensions ['ignore', 'ignore_ament_install']
[0.179s] Level 1:colcon.colcon_core.package_identification:_identify(.) by extension 'ignore'
[0.179s] Level 1:colcon.colcon_core.package_identification:_identify(.) by extension 'ignore_ament_install'
[0.179s] Level 1:colcon.colcon_core.package_identification:_identify(.) by extensions ['colcon_pkg']
[0.179s] Level 1:colcon.colcon_core.package_identification:_identify(.) by extension 'colcon_pkg'
[0.179s] Level 1:colcon.colcon_core.package_identification:_identify(.) by extensions ['colcon_meta']
[0.179s] Level 1:colcon.colcon_core.package_identification:_identify(.) by extension 'colcon_meta'
[0.179s] Level 1:colcon.colcon_core.package_identification:_identify(.) by extensions ['ros']
[0.179s] Level 1:colcon.colcon_core.package_identification:_identify(.) by extension 'ros'
[0.186s] Level 1:colcon.colcon_core.package_identification:_identify(.) by extensions ['cmake', 'python']
[0.187s] Level 1:colcon.colcon_core.package_identification:_identify(.) by extension 'cmake'
[0.187s] Level 1:colcon.colcon_core.package_identification:_identify(.) by extension 'python'
[0.187s] Level 1:colcon.colcon_core.package_identification:_identify(.) by extensions ['python_setup_py']
[0.187s] Level 1:colcon.colcon_core.package_identification:_identify(.) by extension 'python_setup_py'
[0.187s] Level 1:colcon.colcon_core.package_identification:_identify(build) by extensions ['ignore', 'ignore_ament_install']
[0.187s] Level 1:colcon.colcon_core.package_identification:_identify(build) by extension 'ignore'
[0.187s] Level 1:colcon.colcon_core.package_identification:_identify(build) ignored
[0.187s] Level 1:colcon.colcon_core.package_identification:_identify(install) by extensions ['ignore', 'ignore_ament_install']
[0.187s] Level 1:colcon.colcon_core.package_identification:_identify(install) by extension 'ignore'
[0.187s] Level 1:colcon.colcon_core.package_identification:_identify(install) ignored
[0.187s] Level 1:colcon.colcon_core.package_identification:_identify(log) by extensions ['ignore', 'ignore_ament_install']
[0.187s] Level 1:colcon.colcon_core.package_identification:_identify(log) by extension 'ignore'
[0.187s] Level 1:colcon.colcon_core.package_identification:_identify(log) ignored
[0.187s] Level 1:colcon.colcon_core.package_identification:_identify(src) by extensions ['ignore', 'ignore_ament_install']
[0.187s] Level 1:colcon.colcon_core.package_identification:_identify(src) by extension 'ignore'
[0.187s] Level 1:colcon.colcon_core.package_identification:_identify(src) by extension 'ignore_ament_install'
[0.187s] Level 1:colcon.colcon_core.package_identification:_identify(src) by extensions ['colcon_pkg']
[0.187s] Level 1:colcon.colcon_core.package_identification:_identify(src) by extension 'colcon_pkg'
[0.187s] Level 1:colcon.colcon_core.package_identification:_identify(src) by extensions ['colcon_meta']
[0.187s] Level 1:colcon.colcon_core.package_identification:_identify(src) by extension 'colcon_meta'
[0.187s] Level 1:colcon.colcon_core.package_identification:_identify(src) by extensions ['ros']
[0.187s] Level 1:colcon.colcon_core.package_identification:_identify(src) by extension 'ros'
[0.187s] Level 1:colcon.colcon_core.package_identification:_identify(src) by extensions ['cmake', 'python']
[0.187s] Level 1:colcon.colcon_core.package_identification:_identify(src) by extension 'cmake'
[0.187s] Level 1:colcon.colcon_core.package_identification:_identify(src) by extension 'python'
[0.188s] Level 1:colcon.colcon_core.package_identification:_identify(src) by extensions ['python_setup_py']
[0.188s] Level 1:colcon.colcon_core.package_identification:_identify(src) by extension 'python_setup_py'
[0.188s] Level 1:colcon.colcon_core.package_identification:_identify(src/rx200_moveit_control) by extensions ['ignore', 'ignore_ament_install']
[0.188s] Level 1:colcon.colcon_core.package_identification:_identify(src/rx200_moveit_control) by extension 'ignore'
[0.188s] Level 1:colcon.colcon_core.package_identification:_identify(src/rx200_moveit_control) by extension 'ignore_ament_install'
[0.188s] Level 1:colcon.colcon_core.package_identification:_identify(src/rx200_moveit_control) by extensions ['colcon_pkg']
[0.188s] Level 1:colcon.colcon_core.package_identification:_identify(src/rx200_moveit_control) by extension 'colcon_pkg'
[0.188s] Level 1:colcon.colcon_core.package_identification:_identify(src/rx200_moveit_control) by extensions ['colcon_meta']
[0.188s] Level 1:colcon.colcon_core.package_identification:_identify(src/rx200_moveit_control) by extension 'colcon_meta'
[0.188s] Level 1:colcon.colcon_core.package_identification:_identify(src/rx200_moveit_control) by extensions ['ros']
[0.188s] Level 1:colcon.colcon_core.package_identification:_identify(src/rx200_moveit_control) by extension 'ros'
[0.190s] DEBUG:colcon.colcon_core.package_identification:Package 'src/rx200_moveit_control' with type 'ros.ament_python' and name 'rx200_moveit_control'
[0.190s] Level 1:colcon.colcon_core.package_discovery:discover_packages(recursive) using defaults
[0.190s] Level 1:colcon.colcon_core.package_discovery:discover_packages(ignore) discover
[0.190s] Level 1:colcon.colcon_core.package_discovery:discover_packages(ignore) using defaults
[0.190s] Level 1:colcon.colcon_core.package_discovery:discover_packages(path) discover
[0.190s] Level 1:colcon.colcon_core.package_discovery:discover_packages(path) using defaults
[0.210s] Level 1:colcon.colcon_core.package_discovery:discover_packages(prefix_path) check parameters
[0.210s] Level 1:colcon.colcon_core.package_discovery:discover_packages(prefix_path) discover
[0.213s] DEBUG:colcon.colcon_installed_package_information.package_discovery:Found 34 installed packages in /home/master26/interbotix_ws/install
[0.213s] DEBUG:colcon.colcon_installed_package_information.package_discovery:Found 1 installed packages in /home/master26/apriltag_ws/install
[0.213s] DEBUG:colcon.colcon_installed_package_information.package_discovery:Found 1 installed packages in /home/master26/lesson_1/install
[0.213s] DEBUG:colcon.colcon_installed_package_information.package_discovery:Found 1 installed packages in /home/master26/lesson_1/src/install
[0.214s] DEBUG:colcon.colcon_installed_package_information.package_discovery:Found 365 installed packages in /opt/ros/humble
[0.215s] Level 1:colcon.colcon_core.package_discovery:discover_packages(prefix_path) using defaults
[0.244s] Level 5:colcon.colcon_core.verb:set package 'rx200_moveit_control' build argument 'cmake_args' from command line to 'None'
[0.244s] Level 5:colcon.colcon_core.verb:set package 'rx200_moveit_control' build argument 'cmake_target' from command line to 'None'
[0.244s] Level 5:colcon.colcon_core.verb:set package 'rx200_moveit_control' build argument 'cmake_target_skip_unavailable' from command line to 'False'
[0.244s] Level 5:colcon.colcon_core.verb:set package 'rx200_moveit_control' build argument 'cmake_clean_cache' from command line to 'False'
[0.244s] Level 5:colcon.colcon_core.verb:set package 'rx200_moveit_control' build argument 'cmake_clean_first' from command line to 'False'
[0.244s] Level 5:colcon.colcon_core.verb:set package 'rx200_moveit_control' build argument 'cmake_force_configure' from command line to 'False'
[0.244s] Level 5:colcon.colcon_core.verb:set package 'rx200_moveit_control' build argument 'ament_cmake_args' from command line to 'None'
[0.244s] Level 5:colcon.colcon_core.verb:set package 'rx200_moveit_control' build argument 'catkin_cmake_args' from command line to 'None'
[0.244s] Level 5:colcon.colcon_core.verb:set package 'rx200_moveit_control' build argument 'catkin_skip_building_tests' from command line to 'False'
[0.245s] DEBUG:colcon.colcon_core.verb:Building package 'rx200_moveit_control' with the following arguments: {'ament_cmake_args': None, 'build_base': '/home/master26/assignment_1_group_3/build/rx200_moveit_control', 'catkin_cmake_args': None, 'catkin_skip_building_tests': False, 'cmake_args': None, 'cmake_clean_cache': False, 'cmake_clean_first': False, 'cmake_force_configure': False, 'cmake_target': None, 'cmake_target_skip_unavailable': False, 'install_base': '/home/master26/assignment_1_group_3/install/rx200_moveit_control', 'merge_install': False, 'path': '/home/master26/assignment_1_group_3/src/rx200_moveit_control', 'symlink_install': False, 'test_result_base': None}
[0.245s] INFO:colcon.colcon_core.executor:Executing jobs using 'parallel' executor
[0.245s] DEBUG:colcon.colcon_parallel_executor.executor.parallel:run_until_complete
[0.245s] INFO:colcon.colcon_ros.task.ament_python.build:Building ROS package in '/home/master26/assignment_1_group_3/src/rx200_moveit_control' with build type 'ament_python'
[0.245s] Level 1:colcon.colcon_core.shell:create_environment_hook('rx200_moveit_control', 'ament_prefix_path')
[0.247s] INFO:colcon.colcon_core.plugin_system:Skipping extension 'colcon_core.shell.bat': Not used on non-Windows systems
[0.247s] INFO:colcon.colcon_core.shell:Creating environment hook '/home/master26/assignment_1_group_3/install/rx200_moveit_control/share/rx200_moveit_control/hook/ament_prefix_path.ps1'
[0.247s] INFO:colcon.colcon_core.shell:Creating environment descriptor '/home/master26/assignment_1_group_3/install/rx200_moveit_control/share/rx200_moveit_control/hook/ament_prefix_path.dsv'
[0.247s] INFO:colcon.colcon_core.shell:Creating environment hook '/home/master26/assignment_1_group_3/install/rx200_moveit_control/share/rx200_moveit_control/hook/ament_prefix_path.sh'
[0.248s] INFO:colcon.colcon_core.shell:Skip shell extension 'powershell' for command environment: Not usable outside of PowerShell
[0.248s] DEBUG:colcon.colcon_core.shell:Skip shell extension 'dsv' for command environment
[0.532s] INFO:colcon.colcon_core.task.python.build:Building Python package in '/home/master26/assignment_1_group_3/src/rx200_moveit_control'
[0.533s] INFO:colcon.colcon_core.shell:Skip shell extension 'powershell' for command environment: Not usable outside of PowerShell
[0.533s] DEBUG:colcon.colcon_core.shell:Skip shell extension 'dsv' for command environment
[0.885s] DEBUG:colcon.colcon_core.event_handler.log_command:Invoking command in '/home/master26/assignment_1_group_3/src/rx200_moveit_control': PYTHONPATH=/home/master26/assignment_1_group_3/build/rx200_moveit_control/prefix_override:/usr/lib/python3/dist-packages/colcon_core/task/python/colcon_distutils_commands:/home/master26/assignment_1_group_3/install/rx200_moveit_control/lib/python3.10/site-packages:${PYTHONPATH} /usr/bin/python3 -W ignore:setup.py install is deprecated -W ignore:easy_install command is deprecated setup.py egg_info --egg-base ../../build/rx200_moveit_control build --build-base /home/master26/assignment_1_group_3/build/rx200_moveit_control/build install --record /home/master26/assignment_1_group_3/build/rx200_moveit_control/install.log --single-version-externally-managed install_data
[1.062s] DEBUG:colcon.colcon_core.event_handler.log_command:Invoked command in '/home/master26/assignment_1_group_3/src/rx200_moveit_control' returned '0': PYTHONPATH=/home/master26/assignment_1_group_3/build/rx200_moveit_control/prefix_override:/usr/lib/python3/dist-packages/colcon_core/task/python/colcon_distutils_commands:/home/master26/assignment_1_group_3/install/rx200_moveit_control/lib/python3.10/site-packages:${PYTHONPATH} /usr/bin/python3 -W ignore:setup.py install is deprecated -W ignore:easy_install command is deprecated setup.py egg_info --egg-base ../../build/rx200_moveit_control build --build-base /home/master26/assignment_1_group_3/build/rx200_moveit_control/build install --record /home/master26/assignment_1_group_3/build/rx200_moveit_control/install.log --single-version-externally-managed install_data
[1.063s] Level 1:colcon.colcon_core.environment:checking '/home/master26/assignment_1_group_3/install/rx200_moveit_control' for CMake module files
[1.063s] Level 1:colcon.colcon_core.environment:checking '/home/master26/assignment_1_group_3/install/rx200_moveit_control' for CMake config files
[1.064s] Level 1:colcon.colcon_core.environment:checking '/home/master26/assignment_1_group_3/install/rx200_moveit_control/lib'
[1.064s] Level 1:colcon.colcon_core.environment:checking '/home/master26/assignment_1_group_3/install/rx200_moveit_control/bin'
[1.064s] Level 1:colcon.colcon_core.environment:checking '/home/master26/assignment_1_group_3/install/rx200_moveit_control/lib/pkgconfig/rx200_moveit_control.pc'
[1.064s] Level 1:colcon.colcon_core.environment:checking '/home/master26/assignment_1_group_3/install/rx200_moveit_control/lib/python3.10/site-packages'
[1.064s] Level 1:colcon.colcon_core.shell:create_environment_hook('rx200_moveit_control', 'pythonpath')
[1.064s] INFO:colcon.colcon_core.shell:Creating environment hook '/home/master26/assignment_1_group_3/install/rx200_moveit_control/share/rx200_moveit_control/hook/pythonpath.ps1'
[1.064s] INFO:colcon.colcon_core.shell:Creating environment descriptor '/home/master26/assignment_1_group_3/install/rx200_moveit_control/share/rx200_moveit_control/hook/pythonpath.dsv'
[1.065s] INFO:colcon.colcon_core.shell:Creating environment hook '/home/master26/assignment_1_group_3/install/rx200_moveit_control/share/rx200_moveit_control/hook/pythonpath.sh'
[1.065s] Level 1:colcon.colcon_core.environment:checking '/home/master26/assignment_1_group_3/install/rx200_moveit_control/bin'
[1.065s] Level 1:colcon.colcon_core.environment:create_environment_scripts_only(rx200_moveit_control)
[1.065s] INFO:colcon.colcon_core.shell:Creating package script '/home/master26/assignment_1_group_3/install/rx200_moveit_control/share/rx200_moveit_control/package.ps1'
[1.066s] INFO:colcon.colcon_core.shell:Creating package descriptor '/home/master26/assignment_1_group_3/install/rx200_moveit_control/share/rx200_moveit_control/package.dsv'
[1.066s] INFO:colcon.colcon_core.shell:Creating package script '/home/master26/assignment_1_group_3/install/rx200_moveit_control/share/rx200_moveit_control/package.sh'
[1.066s] INFO:colcon.colcon_core.shell:Creating package script '/home/master26/assignment_1_group_3/install/rx200_moveit_control/share/rx200_moveit_control/package.bash'
[1.067s] INFO:colcon.colcon_core.shell:Creating package script '/home/master26/assignment_1_group_3/install/rx200_moveit_control/share/rx200_moveit_control/package.zsh'
[1.067s] Level 1:colcon.colcon_core.environment:create_file_with_runtime_dependencies(/home/master26/assignment_1_group_3/install/rx200_moveit_control/share/colcon-core/packages/rx200_moveit_control)
[1.067s] DEBUG:colcon.colcon_parallel_executor.executor.parallel:closing loop
[1.068s] DEBUG:colcon.colcon_parallel_executor.executor.parallel:loop closed
[1.068s] DEBUG:colcon.colcon_parallel_executor.executor.parallel:run_until_complete finished with '0'
[1.068s] DEBUG:colcon.colcon_core.event_reactor:joining thread
[1.071s] INFO:colcon.colcon_core.plugin_system:Skipping extension 'colcon_notification.desktop_notification.terminal_notifier': Not used on non-Darwin systems
[1.071s] INFO:colcon.colcon_core.plugin_system:Skipping extension 'colcon_notification.desktop_notification.win32': Not used on non-Windows systems
[1.071s] INFO:colcon.colcon_notification.desktop_notification:Sending desktop notification using 'notify2'
[1.080s] DEBUG:colcon.colcon_core.event_reactor:joined thread
[1.080s] INFO:colcon.colcon_core.shell:Creating prefix script '/home/master26/assignment_1_group_3/install/local_setup.ps1'
[1.081s] INFO:colcon.colcon_core.shell:Creating prefix util module '/home/master26/assignment_1_group_3/install/_local_setup_util_ps1.py'
[1.083s] INFO:colcon.colcon_core.shell:Creating prefix chain script '/home/master26/assignment_1_group_3/install/setup.ps1'
[1.086s] INFO:colcon.colcon_core.shell:Creating prefix script '/home/master26/assignment_1_group_3/install/local_setup.sh'
[1.087s] INFO:colcon.colcon_core.shell:Creating prefix util module '/home/master26/assignment_1_group_3/install/_local_setup_util_sh.py'
[1.088s] INFO:colcon.colcon_core.shell:Creating prefix chain script '/home/master26/assignment_1_group_3/install/setup.sh'
[1.092s] INFO:colcon.colcon_core.shell:Creating prefix script '/home/master26/assignment_1_group_3/install/local_setup.bash'
[1.093s] INFO:colcon.colcon_core.shell:Creating prefix chain script '/home/master26/assignment_1_group_3/install/setup.bash'
[1.098s] INFO:colcon.colcon_core.shell:Creating prefix script '/home/master26/assignment_1_group_3/install/local_setup.zsh'
[1.099s] INFO:colcon.colcon_core.shell:Creating prefix chain script '/home/master26/assignment_1_group_3/install/setup.zsh'
