[0.639s] Invoking command in '/home/master26/assignment_1_group_3/src/rx200_moveit_control': PYTHONPATH=/home/master26/assignment_1_group_3/build/rx200_moveit_control/prefix_override:/usr/lib/python3/dist-packages/colcon_core/task/python/colcon_distutils_commands:/home/master26/assignment_1_group_3/install/rx200_moveit_control/lib/python3.10/site-packages:${PYTHONPATH} /usr/bin/python3 -W ignore:setup.py install is deprecated -W ignore:easy_install command is deprecated setup.py egg_info --egg-base ../../build/rx200_moveit_control build --build-base /home/master26/assignment_1_group_3/build/rx200_moveit_control/build install --record /home/master26/assignment_1_group_3/build/rx200_moveit_control/install.log --single-version-externally-managed install_data
[0.784s] running egg_info
[0.785s] creating ../../build/rx200_moveit_control/rx200_moveit_control.egg-info
[0.785s] writing ../../build/rx200_moveit_control/rx200_moveit_control.egg-info/PKG-INFO
[0.785s] writing dependency_links to ../../build/rx200_moveit_control/rx200_moveit_control.egg-info/dependency_links.txt
[0.785s] writing entry points to ../../build/rx200_moveit_control/rx200_moveit_control.egg-info/entry_points.txt
[0.785s] writing requirements to ../../build/rx200_moveit_control/rx200_moveit_control.egg-info/requires.txt
[0.785s] writing top-level names to ../../build/rx200_moveit_control/rx200_moveit_control.egg-info/top_level.txt
[0.785s] writing manifest file '../../build/rx200_moveit_control/rx200_moveit_control.egg-info/SOURCES.txt'
[0.786s] reading manifest file '../../build/rx200_moveit_control/rx200_moveit_control.egg-info/SOURCES.txt'
[0.787s] writing manifest file '../../build/rx200_moveit_control/rx200_moveit_control.egg-info/SOURCES.txt'
[0.787s] running build
[0.787s] running build_py
[0.787s] creating /home/master26/assignment_1_group_3/build/rx200_moveit_control/build
[0.787s] creating /home/master26/assignment_1_group_3/build/rx200_moveit_control/build/lib
[0.787s] creating /home/master26/assignment_1_group_3/build/rx200_moveit_control/build/lib/rx200_moveit_control
[0.787s] copying rx200_moveit_control/rx200_moveit_action_client.py -> /home/master26/assignment_1_group_3/build/rx200_moveit_control/build/lib/rx200_moveit_control
[0.787s] copying rx200_moveit_control/__init__.py -> /home/master26/assignment_1_group_3/build/rx200_moveit_control/build/lib/rx200_moveit_control
[0.787s] copying rx200_moveit_control/rx200_pick_place_client.py -> /home/master26/assignment_1_group_3/build/rx200_moveit_control/build/lib/rx200_moveit_control
[0.787s] copying rx200_moveit_control/minimal.launch.py -> /home/master26/assignment_1_group_3/build/rx200_moveit_control/build/lib/rx200_moveit_control
[0.787s] running install
[0.787s] running install_lib
[0.787s] creating /home/master26/assignment_1_group_3/install/rx200_moveit_control/lib/python3.10/site-packages/rx200_moveit_control
[0.788s] copying /home/master26/assignment_1_group_3/build/rx200_moveit_control/build/lib/rx200_moveit_control/rx200_moveit_action_client.py -> /home/master26/assignment_1_group_3/install/rx200_moveit_control/lib/python3.10/site-packages/rx200_moveit_control
[0.788s] copying /home/master26/assignment_1_group_3/build/rx200_moveit_control/build/lib/rx200_moveit_control/__init__.py -> /home/master26/assignment_1_group_3/install/rx200_moveit_control/lib/python3.10/site-packages/rx200_moveit_control
[0.788s] copying /home/master26/assignment_1_group_3/build/rx200_moveit_control/build/lib/rx200_moveit_control/rx200_pick_place_client.py -> /home/master26/assignment_1_group_3/install/rx200_moveit_control/lib/python3.10/site-packages/rx200_moveit_control
[0.788s] copying /home/master26/assignment_1_group_3/build/rx200_moveit_control/build/lib/rx200_moveit_control/minimal.launch.py -> /home/master26/assignment_1_group_3/install/rx200_moveit_control/lib/python3.10/site-packages/rx200_moveit_control
[0.788s] byte-compiling /home/master26/assignment_1_group_3/install/rx200_moveit_control/lib/python3.10/site-packages/rx200_moveit_control/rx200_moveit_action_client.py to rx200_moveit_action_client.cpython-310.pyc
[0.789s] byte-compiling /home/master26/assignment_1_group_3/install/rx200_moveit_control/lib/python3.10/site-packages/rx200_moveit_control/__init__.py to __init__.cpython-310.pyc
[0.789s] byte-compiling /home/master26/assignment_1_group_3/install/rx200_moveit_control/lib/python3.10/site-packages/rx200_moveit_control/rx200_pick_place_client.py to rx200_pick_place_client.cpython-310.pyc
[0.790s] byte-compiling /home/master26/assignment_1_group_3/install/rx200_moveit_control/lib/python3.10/site-packages/rx200_moveit_control/minimal.launch.py to minimal.launch.cpython-310.pyc
[0.790s] running install_data
[0.790s] creating /home/master26/assignment_1_group_3/install/rx200_moveit_control/share/ament_index
[0.790s] creating /home/master26/assignment_1_group_3/install/rx200_moveit_control/share/ament_index/resource_index
[0.790s] creating /home/master26/assignment_1_group_3/install/rx200_moveit_control/share/ament_index/resource_index/packages
[0.790s] copying resource/rx200_moveit_control -> /home/master26/assignment_1_group_3/install/rx200_moveit_control/share/ament_index/resource_index/packages
[0.790s] copying package.xml -> /home/master26/assignment_1_group_3/install/rx200_moveit_control/share/rx200_moveit_control
[0.790s] running install_egg_info
[0.791s] Copying ../../build/rx200_moveit_control/rx200_moveit_control.egg-info to /home/master26/assignment_1_group_3/install/rx200_moveit_control/lib/python3.10/site-packages/rx200_moveit_control-0.0.1-py3.10.egg-info
[0.791s] running install_scripts
[0.803s] Installing rx200_moveit_client script to /home/master26/assignment_1_group_3/install/rx200_moveit_control/lib/rx200_moveit_control
[0.804s] Installing rx200_pick_place_client script to /home/master26/assignment_1_group_3/install/rx200_moveit_control/lib/rx200_moveit_control
[0.804s] writing list of installed files to '/home/master26/assignment_1_group_3/build/rx200_moveit_control/install.log'
[0.816s] Invoked command in '/home/master26/assignment_1_group_3/src/rx200_moveit_control' returned '0': PYTHONPATH=/home/master26/assignment_1_group_3/build/rx200_moveit_control/prefix_override:/usr/lib/python3/dist-packages/colcon_core/task/python/colcon_distutils_commands:/home/master26/assignment_1_group_3/install/rx200_moveit_control/lib/python3.10/site-packages:${PYTHONPATH} /usr/bin/python3 -W ignore:setup.py install is deprecated -W ignore:easy_install command is deprecated setup.py egg_info --egg-base ../../build/rx200_moveit_control build --build-base /home/master26/assignment_1_group_3/build/rx200_moveit_control/build install --record /home/master26/assignment_1_group_3/build/rx200_moveit_control/install.log --single-version-externally-managed install_data
